[enterCommand_invocation] Command ignored: test_big_endian [enterCommand_invocation] Command ignored: kde4_add_app_icon [enterCommand_invocation] Command ignored: kde4_add_kdeinit_executable [enterCommand_invocation] Command ignored: qt4_wrap_cpp [enterCommand_invocation] Command ignored: kde4_add_kdeinit_executable [enterCommand_invocation] Command ignored: check_prototype_exists [enterCommand_invocation] Command ignored: kde4_add_app_icon [enterCommand_invocation] Command ignored: kde4_add_kdeinit_executable [enterCommand_invocation] Command ignored: macro_add_compile_flags [enterCommand_invocation] Command ignored: macro_add_compile_flags [enterCommand_invocation] Command ignored: qt4_wrap_cpp [enterCommand_invocation] Command ignored: kde4_add_app_icon [enterCommand_invocation] Command ignored: kde4_add_kdeinit_executable [enterCommand_invocation] Command ignored: kde4_add_app_icon [enterCommand_invocation] Command ignored: kde4_add_kdeinit_executable [enterCommand_invocation] Command ignored: kde4_create_handbook [enterCommand_invocation] Command ignored: koffice_add_benchmark [enterCommand_invocation] Command ignored: koffice_add_benchmark [enterCommand_invocation] Command ignored: macro_ensure_version Traceback (most recent call last): File "./extract.py", line 1876, in <module> main(sys.argv) File "./extract.py", line 1862, in main getGraph(argv[1]) File "./extract.py", line 1832, in getGraph parseFile(os.path.join(project_dir, 'CMakeLists.txt')) File "./extract.py", line 1824, in parseFile walker.walk(extractor, tree) File "/home/farshad/Desktop/PhD/cmake-inspector/venv/lib/python3.8/site-packages/antlr4/tree/Tree.py", line 160, in walk self.walk(listener, child) File "/home/farshad/Desktop/PhD/cmake-inspector/venv/lib/python3.8/site-packages/antlr4/tree/Tree.py", line 160, in walk self.walk(listener, child) File "/home/farshad/Desktop/PhD/cmake-inspector/venv/lib/python3.8/site-packages/antlr4/tree/Tree.py", line 158, in walk self.enterRule(listener, t) File "/home/farshad/Desktop/PhD/cmake-inspector/venv/lib/python3.8/site-packages/antlr4/tree/Tree.py", line 178, in enterRule ctx.enterRule(listener) File "/home/farshad/Desktop/PhD/cmake-inspector/grammar/CMakeParser.py", line 1718, in enterRule listener.enterCommand_invocation(self) File "./extract.py", line 1074, in enterCommand_invocation parseFile(os.path.join(possible_paths[0][0], 'CMakeLists.txt')) File "./extract.py", line 1824, in parseFile walker.walk(extractor, tree) File "/home/farshad/Desktop/PhD/cmake-inspector/venv/lib/python3.8/site-packages/antlr4/tree/Tree.py", line 160, in walk self.walk(listener, child) File "/home/farshad/Desktop/PhD/cmake-inspector/venv/lib/python3.8/site-packages/antlr4/tree/Tree.py", line 160, in walk self.walk(listener, child) File "/home/farshad/Desktop/PhD/cmake-inspector/venv/lib/python3.8/site-packages/antlr4/tree/Tree.py", line 158, in walk self.enterRule(listener, t) File "/home/farshad/Desktop/PhD/cmake-inspector/venv/lib/python3.8/site-packages/antlr4/tree/Tree.py", line 178, in enterRule ctx.enterRule(listener) File "/home/farshad/Desktop/PhD/cmake-inspector/grammar/CMakeParser.py", line 1718, in enterRule listener.enterCommand_invocation(self) File "./extract.py", line 1664, in enterCommand_invocation parseFile(os.path.join(project_dir, 'CMakeLists.txt')) File "./extract.py", line 1824, in parseFile walker.walk(extractor, tree) File "/home/farshad/Desktop/PhD/cmake-inspector/venv/lib/python3.8/site-packages/antlr4/tree/Tree.py", line 160, in walk self.walk(listener, child) File "/home/farshad/Desktop/PhD/cmake-inspector/venv/lib/python3.8/site-packages/antlr4/tree/Tree.py", line 160, in walk self.walk(listener, child) File "/home/farshad/Desktop/PhD/cmake-inspector/venv/lib/python3.8/site-packages/antlr4/tree/Tree.py", line 160, in walk self.walk(listener, child) [Previous line repeated 3 more times] File "/home/farshad/Desktop/PhD/cmake-inspector/venv/lib/python3.8/site-packages/antlr4/tree/Tree.py", line 161, in walk self.exitRule(listener, t) File "/home/farshad/Desktop/PhD/cmake-inspector/venv/lib/python3.8/site-packages/antlr4/tree/Tree.py", line 188, in exitRule ctx.exitRule(listener) File "/home/farshad/Desktop/PhD/cmake-inspector/grammar/CMakeParser.py", line 1261, in exitRule listener.exitLogicalEntity(self) File "./extract.py", line 83, in exitLogicalEntity raise e File "./extract.py", line 80, in exitLogicalEntity self.flattenVariableInConditionExpression(localVariable, variableLookedUp) File "./extract.py", line 141, in flattenVariableInConditionExpression flattened = flattenAlgorithmWithConditions(variable) or [] File "/home/farshad/Desktop/PhD/cmake-inspector/algorithms.py", line 88, in flattenAlgorithmWithConditions flattedResult = flattenAlgorithmWithConditions(node.getPointTo(), conditions, File "/home/farshad/Desktop/PhD/cmake-inspector/algorithms.py", line 124, in flattenAlgorithmWithConditions flattedResult += flattenAlgorithmWithConditions(node.falseNode, File "/home/farshad/Desktop/PhD/cmake-inspector/algorithms.py", line 88, in flattenAlgorithmWithConditions flattedResult = flattenAlgorithmWithConditions(node.getPointTo(), conditions, File "/home/farshad/Desktop/PhD/cmake-inspector/algorithms.py", line 97, in flattenAlgorithmWithConditions assertion = node.rule.getCondition().getAssertions() File "/home/farshad/Desktop/PhD/cmake-inspector/condition_data_structure.py", line 153, in getAssertions return simplify(Not(self.rightExpression.getAssertions())) File "/home/farshad/Desktop/PhD/cmake-inspector/condition_data_structure.py", line 125, in getAssertions self.rightExpression.getAssertions())) File "/home/farshad/Desktop/PhD/cmake-inspector/condition_data_structure.py", line 153, in getAssertions return simplify(Not(self.rightExpression.getAssertions())) File "/home/farshad/Desktop/PhD/cmake-inspector/condition_data_structure.py", line 258, in getAssertions return simplify(self.returnOperator()(self.leftExpression.getAssertions(), File "/home/farshad/Desktop/PhD/cmake-inspector/venv/lib/python3.8/site-packages/z3/z3.py", line 8241, in simplify _z3_assert(is_expr(a), "Z3 expression expected") File "/home/farshad/Desktop/PhD/cmake-inspector/venv/lib/python3.8/site-packages/z3/z3.py", line 96, in _z3_assert raise Z3Exception(msg) z3.z3types.Z3Exception: Z3 expression expected
